<?xml version="1.0" encoding="UTF-8"?>
<coverage generated="1657728885800" clover="3.2.0">
  <project timestamp="1657728885800" name="All files">
    <metrics statements="12" coveredstatements="12" conditionals="6" coveredconditionals="5" methods="5" coveredmethods="4" elements="23" coveredelements="21" complexity="0" loc="12" ncloc="12" packages="1" files="2" classes="2"/>
    <file name="nft.js" path="C:\Users\luism\Desktop\neftme-poc-dapp\src\utils\nft.js">
      <metrics statements="4" coveredstatements="4" conditionals="0" coveredconditionals="0" methods="4" coveredmethods="3"/>
      <line num="3" count="4" type="stmt"/>
      <line num="5" count="4" type="stmt"/>
      <line num="7" count="1" type="stmt"/>
      <line num="9" count="3" type="stmt"/>
    </file>
    <file name="numbers.js" path="C:\Users\luism\Desktop\neftme-poc-dapp\src\utils\numbers.js">
      <metrics statements="8" coveredstatements="8" conditionals="6" coveredconditionals="5" methods="1" coveredmethods="1"/>
      <line num="3" count="1" type="stmt"/>
      <line num="6" count="1" type="stmt"/>
      <line num="9" count="8" type="stmt"/>
      <line num="12" count="8" type="cond" truecount="4" falsecount="0"/>
      <line num="15" count="4" type="stmt"/>
      <line num="16" count="4" type="stmt"/>
      <line num="19" count="4" type="stmt"/>
      <line num="22" count="4" type="cond" truecount="1" falsecount="1"/>
    </file>
  </project>
</coverage>
