{"C:\\Users\\luism\\Desktop\\neftme-poc-dapp\\src\\utils\\nft.js": {"path":"C:\\Users\\luism\\Desktop\\neftme-poc-dapp\\src\\utils\\nft.js","statementMap":{"0":{"start":{"line":3,"column":34},"end":{"line":3,"column":62}},"1":{"start":{"line":3,"column":46},"end":{"line":3,"column":62}},"2":{"start":{"line":5,"column":36},"end":{"line":5,"column":65}},"3":{"start":{"line":5,"column":48},"end":{"line":5,"column":65}},"4":{"start":{"line":7,"column":30},"end":{"line":7,"column":90}},"5":{"start":{"line":7,"column":42},"end":{"line":7,"column":90}},"6":{"start":{"line":9,"column":32},"end":{"line":9,"column":87}},"7":{"start":{"line":9,"column":44},"end":{"line":9,"column":87}}},"fnMap":{"0":{"name":"(anonymous_0)","decl":{"start":{"line":3,"column":34},"end":{"line":3,"column":35}},"loc":{"start":{"line":3,"column":46},"end":{"line":3,"column":62}},"line":3},"1":{"name":"(anonymous_1)","decl":{"start":{"line":5,"column":36},"end":{"line":5,"column":37}},"loc":{"start":{"line":5,"column":48},"end":{"line":5,"column":65}},"line":5},"2":{"name":"(anonymous_2)","decl":{"start":{"line":7,"column":30},"end":{"line":7,"column":31}},"loc":{"start":{"line":7,"column":42},"end":{"line":7,"column":90}},"line":7},"3":{"name":"(anonymous_3)","decl":{"start":{"line":9,"column":32},"end":{"line":9,"column":33}},"loc":{"start":{"line":9,"column":44},"end":{"line":9,"column":87}},"line":9}},"branchMap":{},"s":{"0":1,"1":4,"2":1,"3":4,"4":1,"5":0,"6":1,"7":3},"f":{"0":4,"1":4,"2":0,"3":3},"b":{},"_coverageSchema":"1a1c01bbd47fc00a2c39e90264f33305004495a9","hash":"c4287e72163832aeb285b8fa118c62bcceff40b0"}
,"C:\\Users\\luism\\Desktop\\neftme-poc-dapp\\src\\utils\\numbers.js": {"path":"C:\\Users\\luism\\Desktop\\neftme-poc-dapp\\src\\utils\\numbers.js","statementMap":{"0":{"start":{"line":3,"column":18},"end":{"line":3,"column":52}},"1":{"start":{"line":6,"column":32},"end":{"line":23,"column":1}},"2":{"start":{"line":9,"column":15},"end":{"line":9,"column":41}},"3":{"start":{"line":12,"column":2},"end":{"line":12,"column":65}},"4":{"start":{"line":12,"column":18},"end":{"line":12,"column":65}},"5":{"start":{"line":15,"column":17},"end":{"line":15,"column":32}},"6":{"start":{"line":16,"column":16},"end":{"line":16,"column":32}},"7":{"start":{"line":19,"column":17},"end":{"line":19,"column":31}},"8":{"start":{"line":22,"column":2},"end":{"line":22,"column":63}}},"fnMap":{"0":{"name":"(anonymous_0)","decl":{"start":{"line":6,"column":32},"end":{"line":6,"column":33}},"loc":{"start":{"line":6,"column":56},"end":{"line":23,"column":1}},"line":6}},"branchMap":{"0":{"loc":{"start":{"line":12,"column":2},"end":{"line":12,"column":65}},"type":"if","locations":[{"start":{"line":12,"column":2},"end":{"line":12,"column":65}},{"start":{},"end":{}}],"line":12},"1":{"loc":{"start":{"line":12,"column":25},"end":{"line":12,"column":64}},"type":"cond-expr","locations":[{"start":{"line":12,"column":38},"end":{"line":12,"column":55}},{"start":{"line":12,"column":58},"end":{"line":12,"column":64}}],"line":12},"2":{"loc":{"start":{"line":22,"column":12},"end":{"line":22,"column":51}},"type":"cond-expr","locations":[{"start":{"line":22,"column":25},"end":{"line":22,"column":42}},{"start":{"line":22,"column":45},"end":{"line":22,"column":51}}],"line":22}},"s":{"0":1,"1":1,"2":8,"3":8,"4":4,"5":4,"6":4,"7":4,"8":4},"f":{"0":8},"b":{"0":[4,4],"1":[2,2],"2":[0,4]},"_coverageSchema":"1a1c01bbd47fc00a2c39e90264f33305004495a9","hash":"05c3ed86162bfaca21fdd2c91afacc4cf4b7072a"}
}
