TN:
SF:src\utils\nft.js
FN:3,(anonymous_0)
FN:5,(anonymous_1)
FN:7,(anonymous_2)
FN:9,(anonymous_3)
FNF:4
FNH:3
FNDA:4,(anonymous_0)
FNDA:4,(anonymous_1)
FNDA:0,(anonymous_2)
FNDA:3,(anonymous_3)
DA:3,4
DA:5,4
DA:7,1
DA:9,3
LF:4
LH:4
BRF:0
BRH:0
end_of_record
TN:
SF:src\utils\numbers.js
FN:6,(anonymous_0)
FNF:1
FNH:1
FNDA:8,(anonymous_0)
DA:3,1
DA:6,1
DA:9,8
DA:12,8
DA:15,4
DA:16,4
DA:19,4
DA:22,4
LF:8
LH:8
BRDA:12,0,0,4
BRDA:12,0,1,4
BRDA:12,1,0,2
BRDA:12,1,1,2
BRDA:22,2,0,0
BRDA:22,2,1,4
BRF:6
BRH:5
end_of_record
